0 info it worked if it ends with ok
1 verbose cli [ '/usr/bin/node', '/usr/bin/npm', 'run', 'package' ]
2 info using npm@3.5.2
3 info using node@v8.10.0
4 verbose run-script [ 'prepackage', 'package', 'postpackage' ]
5 info lifecycle @pulumi/jsii@0.0.1~prepackage: @pulumi/jsii@0.0.1
6 silly lifecycle @pulumi/jsii@0.0.1~prepackage: no script for prepackage, continuing
7 info lifecycle @pulumi/jsii@0.0.1~package: @pulumi/jsii@0.0.1
8 verbose lifecycle @pulumi/jsii@0.0.1~package: unsafe-perm in lifecycle true
9 verbose lifecycle @pulumi/jsii@0.0.1~package: PATH: /usr/share/npm/bin/node-gyp-bin:/mnt/c/go/src/github.com/pulumi/pulumi/jsii/node_modules/.bin:/home/cyrusn/.local/bin:/home/cyrusn/go/src/github.com/grpc/grpc/third_party/protobuf/src:/home/cyrusn/go/src/github.com/grpc/grpc/bins/opt:/home/cyrusn/go/src/github.com/pulumi/pulumi/sdk/nodejs/bin::/opt/pulumi/bin:/home/cyrusn/go/bin:/usr/lib/go-1.9/bin:/usr/local/sbin:/usr/local/bin:/usr/sbin:/usr/bin:/sbin:/bin:/usr/games:/usr/local/games
10 verbose lifecycle @pulumi/jsii@0.0.1~package: CWD: /mnt/c/go/src/github.com/pulumi/pulumi/jsii
11 silly lifecycle @pulumi/jsii@0.0.1~package: Args: [ '-c', 'jsii-pacmak -v' ]
12 silly lifecycle @pulumi/jsii@0.0.1~package: Returned: code: 1  signal: null
13 info lifecycle @pulumi/jsii@0.0.1~package: Failed to exec package script
14 verbose stack Error: @pulumi/jsii@0.0.1 package: `jsii-pacmak -v`
14 verbose stack Exit status 1
14 verbose stack     at EventEmitter.<anonymous> (/usr/share/npm/lib/utils/lifecycle.js:232:16)
14 verbose stack     at emitTwo (events.js:126:13)
14 verbose stack     at EventEmitter.emit (events.js:214:7)
14 verbose stack     at ChildProcess.<anonymous> (/usr/share/npm/lib/utils/spawn.js:24:14)
14 verbose stack     at emitTwo (events.js:126:13)
14 verbose stack     at ChildProcess.emit (events.js:214:7)
14 verbose stack     at maybeClose (internal/child_process.js:925:16)
14 verbose stack     at Process.ChildProcess._handle.onexit (internal/child_process.js:209:5)
15 verbose pkgid @pulumi/jsii@0.0.1
16 verbose cwd /mnt/c/go/src/github.com/pulumi/pulumi/jsii
17 error Linux 4.4.0-18362-Microsoft
18 error argv "/usr/bin/node" "/usr/bin/npm" "run" "package"
19 error node v8.10.0
20 error npm  v3.5.2
21 error code ELIFECYCLE
22 error @pulumi/jsii@0.0.1 package: `jsii-pacmak -v`
22 error Exit status 1
23 error Failed at the @pulumi/jsii@0.0.1 package script 'jsii-pacmak -v'.
23 error Make sure you have the latest version of node.js and npm installed.
23 error If you do, this is most likely a problem with the @pulumi/jsii package,
23 error not with npm itself.
23 error Tell the author that this fails on your system:
23 error     jsii-pacmak -v
23 error You can get information on how to open an issue for this project with:
23 error     npm bugs @pulumi/jsii
23 error Or if that isn't available, you can get their info via:
23 error     npm owner ls @pulumi/jsii
23 error There is likely additional logging output above.
24 verbose exit [ 1, true ]
