Arguments: 
  /home/cyrusn/.nvm/versions/node/v6.10.2/bin/node /usr/share/yarn/bin/yarn.js

PATH: 
  /home/cyrusn/temp/google-cloud-sdk/bin:/home/cyrusn/.nvm/versions/node/v6.10.2/bin:/home/cyrusn/go/src/github.com/grpc/grpc/third_party/protobuf/src:/home/cyrusn/go/src/github.com/grpc/grpc/bins/opt:/home/cyrusn/go/src/github.com/pulumi/pulumi/sdk/nodejs/bin::/opt/pulumi/bin:/home/cyrusn/go/bin:/usr/lib/go-1.9/bin:/home/cyrusn/tools/protoc/bin:/usr/local/sbin:/usr/local/bin:/usr/sbin:/usr/bin:/sbin:/bin:/usr/games:/usr/local/games:/snap/bin

Yarn version: 
  1.9.4

Node version: 
  6.10.2

Platform: 
  linux x64

Trace: 
  SyntaxError: /home/cyrusn/go/src/github.com/pulumi/pulumi/sdk/nodejs/package.json: Unexpected token } in JSON at position 603
      at Object.parse (native)
      at /usr/share/yarn/lib/cli.js:1130:59
      at next (native)
      at step (/usr/share/yarn/lib/cli.js:92:30)
      at /usr/share/yarn/lib/cli.js:103:13

npm manifest: 
  {
      "name": "@pulumi/pulumi",
      "version": "${VERSION}",
      "description": "Pulumi's Node.js SDK",
      "license": "Apache-2.0",
      "repository": "https://github.com/pulumi/pulumi/sdk/nodejs",
      "dependencies": {
          "google-protobuf": "^3.5.0",
          "grpc": "^1.12.2",
          "minimist": "^1.2.0",
          "protobufjs": "^6.8.6",
          "require-from-string": "^2.0.1",
          "source-map-support": "^0.4.16",
          "ts-node": "^7.0.0",
          "typescript": "^3.0.0",
          "read-package-tree": "^5.2.1",
          "normalize-package-data": "^2.4.0",
          "upath": "^1.1.0",
      },
      "devDependencies": {
          "@types/minimist": "^1.2.0",
          "@types/mocha": "^2.2.42",
          "@types/node": "^8.0.25",
          "@types/read-package-tree": "^5.2.0",
          "@types/normalize-package-data": "^2.4.0",
          "@types/semver": "^5.5.0",
          "istanbul": "^0.4.5",
          "mocha": "^3.5.0",
          "node-gyp": "^3.6.2",
          "tslint": "^5.11.0"
      },
      "pulumi": {
          "comment": "Do not remove. Marks this as as a deployment-time-only package"
      }
  }

yarn manifest: 
  No manifest

Lockfile: 
  No lockfile
